  simplestdb_test.cc
C:\Users\tonyt\mystuff\SimplestDB\SimplestDb\simplestdb_test.cc(39,27): warning C4245: 'argument': conversion from 'int' to 'uint32_t', signed/unsigned mismatch
C:\Users\tonyt\mystuff\SimplestDB\SimplestDb\simplestdb_test.cc(71,41): warning C4245: 'argument': conversion from 'int' to 'uint16_t', signed/unsigned mismatch
C:\Users\tonyt\mystuff\SimplestDB\SimplestDb\simplestdb_test.cc(83,21): warning C4018: '<': signed/unsigned mismatch
C:\Users\tonyt\mystuff\SimplestDB\SimplestDb\simplestdb_test.cc(84,5): warning C4805: '==': unsafe mix of type '_Ty' and type 'bool' in operation
          with
          [
              _Ty=sdb::bool8_t
          ]
C:\Users\tonyt\mystuff\SimplestDB\SimplestDb\simplestdb_test.cc(86,21): warning C4018: '<': signed/unsigned mismatch
C:\Users\tonyt\mystuff\SimplestDB\SimplestDb\simplestdb_test.cc(89,21): warning C4018: '<': signed/unsigned mismatch
C:\Users\tonyt\mystuff\SimplestDB\SimplestDb\simplestdb_test.cc(93,21): warning C4018: '<': signed/unsigned mismatch
C:\Users\tonyt\mystuff\SimplestDB\SimplestDb\simplestdb_test.cc(94,5): warning C4805: '==': unsafe mix of type '_Ty' and type 'bool' in operation
          with
          [
              _Ty=sdb::bool8_t
          ]
C:\Users\tonyt\mystuff\SimplestDB\SimplestDb\simplestdb_test.cc(96,21): warning C4018: '<': signed/unsigned mismatch
C:\Users\tonyt\mystuff\SimplestDB\SimplestDb\simplestdb_test.cc(99,21): warning C4018: '<': signed/unsigned mismatch
C:\Users\tonyt\mystuff\SimplestDB\SimplestDb\simplestdb_test.cc(118,25): warning C4456: declaration of 'test_block_1' hides previous local declaration
C:\Users\tonyt\mystuff\SimplestDB\SimplestDb\simplestdb_test.cc(105,8): message : see declaration of 'test_block_1'
C:\Users\tonyt\mystuff\SimplestDB\SimplestDb\simplestdb_test.cc(119,25): warning C4456: declaration of 'test_block_2' hides previous local declaration
C:\Users\tonyt\mystuff\SimplestDB\SimplestDb\simplestdb_test.cc(106,8): message : see declaration of 'test_block_2'
C:\Users\tonyt\mystuff\SimplestDB\SimplestDb\simplestdb_test.cc(128,25): warning C4456: declaration of 'test_block_1' hides previous local declaration
C:\Users\tonyt\mystuff\SimplestDB\SimplestDb\simplestdb_test.cc(105,8): message : see declaration of 'test_block_1'
C:\Users\tonyt\mystuff\SimplestDB\SimplestDb\simplestdb_test.cc(129,25): warning C4456: declaration of 'test_block_2' hides previous local declaration
C:\Users\tonyt\mystuff\SimplestDB\SimplestDb\simplestdb_test.cc(106,8): message : see declaration of 'test_block_2'
C:\Users\tonyt\mystuff\SimplestDB\SimplestDb\simplestdb_test.cc(176,128): warning C4267: 'argument': conversion from 'size_t' to 'sdb::size16_t', possible loss of data
C:\Users\tonyt\mystuff\SimplestDB\SimplestDb\simplestdb_test.cc(190,3): warning C4805: '==': unsafe mix of type 'bool' and type '_Ty' in operation
          with
          [
              _Ty=sdb::bool8_t
          ]
C:\Users\tonyt\mystuff\SimplestDB\SimplestDb\simplestdb_test.cc(191,3): warning C4805: '==': unsafe mix of type 'bool' and type '_Ty' in operation
          with
          [
              _Ty=sdb::bool8_t
          ]
C:\Users\tonyt\mystuff\SimplestDB\SimplestDb\simplestdb_test.cc(213,3): warning C4805: '==': unsafe mix of type 'bool' and type '_Ty' in operation
          with
          [
              _Ty=sdb::bool8_t
          ]
C:\Users\tonyt\mystuff\SimplestDB\SimplestDb\simplestdb_test.cc(214,3): warning C4805: '==': unsafe mix of type 'bool' and type '_Ty' in operation
          with
          [
              _Ty=sdb::bool8_t
          ]
C:\Users\tonyt\mystuff\SimplestDB\SimplestDb\simplestdb_test.cc(225,3): warning C4805: '==': unsafe mix of type 'bool' and type '_Ty' in operation
          with
          [
              _Ty=sdb::bool8_t
          ]
C:\Users\tonyt\mystuff\SimplestDB\SimplestDb\simplestdb_test.cc(226,3): warning C4805: '==': unsafe mix of type 'bool' and type '_Ty' in operation
          with
          [
              _Ty=sdb::bool8_t
          ]
  SimplestDb.vcxproj -> C:\Users\tonyt\mystuff\SimplestDB\SimplestDb\Debug\SimplestDb.exe
