c:\users\tonyt\mystuff\simplestdb\simplestdb\debug\vc142.pdb
c:\users\tonyt\mystuff\simplestdb\simplestdb\debug\vc142.idb
c:\users\tonyt\mystuff\simplestdb\simplestdb\debug\simplest_dbrow.nativecodeanalysis.sarif
c:\users\tonyt\mystuff\simplestdb\simplestdb\debug\simplest_dbrow.nativecodeanalysis.xml
c:\users\tonyt\mystuff\simplestdb\simplestdb\debug\simplestdb_util.nativecodeanalysis.sarif
c:\users\tonyt\mystuff\simplestdb\simplestdb\debug\simplestdb_util.nativecodeanalysis.xml
c:\users\tonyt\mystuff\simplestdb\simplestdb\debug\simplestdb_token.nativecodeanalysis.sarif
c:\users\tonyt\mystuff\simplestdb\simplestdb\debug\simplestdb_token.nativecodeanalysis.xml
c:\users\tonyt\mystuff\simplestdb\simplestdb\debug\simplestdb_test.nativecodeanalysis.sarif
c:\users\tonyt\mystuff\simplestdb\simplestdb\debug\simplestdb_test.nativecodeanalysis.xml
c:\users\tonyt\mystuff\simplestdb\simplestdb\debug\simplestdb_tablepointerrow.nativecodeanalysis.sarif
c:\users\tonyt\mystuff\simplestdb\simplestdb\debug\simplestdb_tablepointerrow.nativecodeanalysis.xml
c:\users\tonyt\mystuff\simplestdb\simplestdb\debug\simplestdb_tableheaderrow.nativecodeanalysis.sarif
c:\users\tonyt\mystuff\simplestdb\simplestdb\debug\simplestdb_tableheaderrow.nativecodeanalysis.xml
c:\users\tonyt\mystuff\simplestdb\simplestdb\debug\simplestdb_row.nativecodeanalysis.sarif
c:\users\tonyt\mystuff\simplestdb\simplestdb\debug\simplestdb_row.nativecodeanalysis.xml
c:\users\tonyt\mystuff\simplestdb\simplestdb\debug\simplestdb_page_footer.nativecodeanalysis.sarif
c:\users\tonyt\mystuff\simplestdb\simplestdb\debug\simplestdb_page_footer.nativecodeanalysis.xml
c:\users\tonyt\mystuff\simplestdb\simplestdb\debug\simplestdb_page.nativecodeanalysis.sarif
c:\users\tonyt\mystuff\simplestdb\simplestdb\debug\simplestdb_page.nativecodeanalysis.xml
c:\users\tonyt\mystuff\simplestdb\simplestdb\debug\simplestdb_disk_manager.nativecodeanalysis.sarif
c:\users\tonyt\mystuff\simplestdb\simplestdb\debug\simplestdb_disk_manager.nativecodeanalysis.xml
c:\users\tonyt\mystuff\simplestdb\simplestdb\debug\simplestdb_datarow.nativecodeanalysis.sarif
c:\users\tonyt\mystuff\simplestdb\simplestdb\debug\simplestdb_datarow.nativecodeanalysis.xml
c:\users\tonyt\mystuff\simplestdb\simplestdb\debug\simplestdb.nativecodeanalysis.sarif
c:\users\tonyt\mystuff\simplestdb\simplestdb\debug\simplestdb.nativecodeanalysis.xml
c:\users\tonyt\mystuff\simplestdb\simplestdb\debug\simplestdb.obj
c:\users\tonyt\mystuff\simplestdb\simplestdb\debug\simplestdb_datarow.obj
c:\users\tonyt\mystuff\simplestdb\simplestdb\debug\simplestdb_disk_manager.obj
c:\users\tonyt\mystuff\simplestdb\simplestdb\debug\simplestdb_page.obj
c:\users\tonyt\mystuff\simplestdb\simplestdb\debug\simplestdb_page_footer.obj
c:\users\tonyt\mystuff\simplestdb\simplestdb\debug\simplestdb_row.obj
c:\users\tonyt\mystuff\simplestdb\simplestdb\debug\simplestdb_tableheaderrow.obj
c:\users\tonyt\mystuff\simplestdb\simplestdb\debug\simplestdb_tablepointerrow.obj
c:\users\tonyt\mystuff\simplestdb\simplestdb\debug\simplestdb_test.obj
c:\users\tonyt\mystuff\simplestdb\simplestdb\debug\simplestdb_token.obj
c:\users\tonyt\mystuff\simplestdb\simplestdb\debug\simplestdb_util.obj
c:\users\tonyt\mystuff\simplestdb\simplestdb\debug\simplest_dbrow.obj
c:\users\tonyt\mystuff\simplestdb\simplestdb\debug\simplestdb.ilk
c:\users\tonyt\mystuff\simplestdb\simplestdb\debug\simplestdb.exe
c:\users\tonyt\mystuff\simplestdb\simplestdb\debug\simplestdb.pdb
c:\users\tonyt\mystuff\simplestdb\simplestdb\debug\vc.nativecodeanalysis.all.xml
c:\users\tonyt\mystuff\simplestdb\simplestdb\debug\simplestdb.tlog\cl.command.1.tlog
c:\users\tonyt\mystuff\simplestdb\simplestdb\debug\simplestdb.tlog\cl.read.1.tlog
c:\users\tonyt\mystuff\simplestdb\simplestdb\debug\simplestdb.tlog\cl.write.1.tlog
c:\users\tonyt\mystuff\simplestdb\simplestdb\debug\simplestdb.tlog\link.command.1.tlog
c:\users\tonyt\mystuff\simplestdb\simplestdb\debug\simplestdb.tlog\link.read.1.tlog
c:\users\tonyt\mystuff\simplestdb\simplestdb\debug\simplestdb.tlog\link.write.1.tlog
